<?xml version="1.0" encoding="UTF-8"?>
<!-- Generated by org.testng.reporters.JUnitReportReporter -->
<testsuite hostname="Pratik" failures="0" tests="1" name="Testng.Timeout" time="0.027" errors="0" timestamp="2022-08-18T00:05:43 IST" skipped="0">
  <testcase classname="Testng.Timeout" name="TC" time="0.027"/>
  <system-out>
    <![CDATA[Hii]]>
  </system-out>
</testsuite> <!-- Testng.Timeout -->
