<?xml version="1.0" encoding="UTF-8"?>
<!-- Generated by org.testng.reporters.JUnitReportReporter -->
<testsuite hostname="Pratik" failures="0" tests="3" name="Testng.Sample3" time="0.016" errors="0" timestamp="2022-08-18T23:54:11 IST" skipped="0">
  <testcase classname="Testng.Sample3" name="TC9" time="0.006"/>
  <system-out>
    <![CDATA[Running TC9]]>
  </system-out>
  <testcase classname="Testng.Sample3" name="TC8" time="0.003"/>
  <system-out>
    <![CDATA[Running Tc8]]>
  </system-out>
  <testcase classname="Testng.Sample3" name="TC7" time="0.007"/>
  <system-out>
    <![CDATA[Running TC7]]>
  </system-out>
</testsuite> <!-- Testng.Sample3 -->
