<?xml version="1.0" encoding="UTF-8"?>
<!-- Generated by org.testng.reporters.JUnitReportReporter -->
<testsuite hostname="Pratik" failures="0" tests="4" name="Testng.Priority" time="0.023" errors="0" timestamp="2022-08-18T00:03:48 IST" skipped="0">
  <testcase classname="Testng.Priority" name="TC4" time="0.016"/>
  <system-out>
    <![CDATA[Hii]]>
  </system-out>
  <testcase classname="Testng.Priority" name="TC3" time="0.002"/>
  <system-out>
    <![CDATA[How r u]]>
  </system-out>
  <testcase classname="Testng.Priority" name="TC2" time="0.001"/>
  <system-out>
    <![CDATA[I am Fine]]>
  </system-out>
  <testcase classname="Testng.Priority" name="TC1" time="0.004"/>
  <system-out>
    <![CDATA[Good Byee]]>
  </system-out>
</testsuite> <!-- Testng.Priority -->
