<?xml version="1.0" encoding="UTF-8"?>
<!-- Generated by org.testng.reporters.JUnitReportReporter -->
<testsuite hostname="Pratik" failures="0" tests="1" name="POM_with_DDF_using_TestNG.KiteTestT" time="17.321" errors="0" timestamp="2022-08-23T23:39:40 IST" skipped="0">
  <testcase classname="POM_with_DDF_using_TestNG.KiteTestT" name="verifyuserID" time="17.321"/>
  <system-out>
    <![CDATA[Running verify userID]]>
  </system-out>
</testsuite> <!-- POM_with_DDF_using_TestNG.KiteTestT -->
