<?xml version="1.0" encoding="UTF-8"?>
<!-- Generated by org.testng.reporters.JUnitReportReporter -->
<testsuite hostname="Pratik" failures="0" tests="5" name="Testng.Flags" time="0.046" errors="0" timestamp="2022-08-17T23:58:03 IST" skipped="0">
  <testcase classname="Testng.Flags" name="TC" time="0.007"/>
  <system-out>
    <![CDATA[Running TC]]>
  </system-out>
  <testcase classname="Testng.Flags" name="TC" time="0.008"/>
  <system-out>
    <![CDATA[Running TC]]>
  </system-out>
  <testcase classname="Testng.Flags" name="TC" time="0.005"/>
  <system-out>
    <![CDATA[Running TC]]>
  </system-out>
  <testcase classname="Testng.Flags" name="TC" time="0.021"/>
  <system-out>
    <![CDATA[Running TC]]>
  </system-out>
  <testcase classname="Testng.Flags" name="TC" time="0.005"/>
  <system-out>
    <![CDATA[Running TC]]>
  </system-out>
</testsuite> <!-- Testng.Flags -->
