<?xml version="1.0" encoding="UTF-8"?>
<!-- Generated by org.testng.reporters.JUnitReportReporter -->
<testsuite hostname="Pratik" failures="0" tests="3" name="Testng_advantages.Disable_TC_using_Keyword" time="0.037" errors="0" timestamp="2022-08-18T23:59:41 IST" skipped="1">
  <testcase classname="Testng_advantages.Disable_TC_using_Keyword" name="TC2" time="0.010"/>
  <system-out>
    <![CDATA[Running TC2]]>
  </system-out>
  <testcase classname="Testng_advantages.Disable_TC_using_Keyword" name="TC1" time="0.027"/>
  <system-out>
    <![CDATA[Running TC1]]>
  </system-out>
  <testcase classname="Testng_advantages.Disable_TC_using_Keyword" name="TC3">
    <skipped/>
  </testcase> <!-- TC3 -->
  <system-out/>
</testsuite> <!-- Testng_advantages.Disable_TC_using_Keyword -->
