<?xml version="1.0" encoding="UTF-8"?>
<!-- Generated by org.testng.reporters.JUnitReportReporter -->
<testsuite hostname="Pratik" failures="0" tests="1" name="Testng_Programs.A" time="20.702" errors="0" timestamp="2022-08-19T23:18:52 IST" skipped="0">
  <testcase classname="Testng_Programs.A" name="TC1" time="20.702"/>
  <system-out/>
</testsuite> <!-- Testng_Programs.A -->
