<?xml version="1.0" encoding="UTF-8"?>
<!-- Generated by org.testng.reporters.JUnitReportReporter -->
<testsuite hostname="Pratik" failures="0" tests="1" name="Testng.Annotations" time="0.012" errors="0" timestamp="2022-08-17T23:54:40 IST" skipped="0">
  <testcase classname="Testng.Annotations" name="verifyID" time="0.012"/>
  <system-out>
    <![CDATA[verify userID]]>
  </system-out>
</testsuite> <!-- Testng.Annotations -->
