<?xml version="1.0" encoding="UTF-8"?>
<!-- Generated by org.testng.reporters.JUnitReportReporter -->
<testsuite hostname="Pratik" failures="0" tests="1" name="Testng_advantages.True" time="0.024" errors="0" timestamp="2022-08-23T13:44:03 IST" skipped="0">
  <testcase classname="Testng_advantages.True" name="TC3" time="0.024"/>
  <system-out>
    <![CDATA[Running TC1]]>
  </system-out>
</testsuite> <!-- Testng_advantages.True -->
