<?xml version="1.0" encoding="UTF-8"?>
<!-- Generated by org.testng.reporters.JUnitReportReporter -->
<testsuite hostname="Pratik" failures="0" tests="1" name="Testng.E2" time="0.018" errors="0" timestamp="2022-08-17T23:47:59 IST" skipped="0">
  <testcase classname="Testng.E2" name="TC" time="0.018"/>
  <system-out>
    <![CDATA[Hello]]>
  </system-out>
</testsuite> <!-- Testng.E2 -->
