<?xml version="1.0" encoding="UTF-8"?>
<!-- Generated by org.testng.reporters.JUnitReportReporter -->
<testsuite hostname="Pratik" failures="0" tests="3" name="Testng.Sample1" time="0.007" errors="0" timestamp="2022-08-18T23:54:11 IST" skipped="0">
  <testcase classname="Testng.Sample1" name="TC1" time="0.003"/>
  <system-out>
    <![CDATA[Running TC1]]>
  </system-out>
  <testcase classname="Testng.Sample1" name="TC2" time="0.002"/>
  <system-out>
    <![CDATA[Running TC2]]>
  </system-out>
  <testcase classname="Testng.Sample1" name="TC3" time="0.002"/>
  <system-out>
    <![CDATA[Running TC3]]>
  </system-out>
</testsuite> <!-- Testng.Sample1 -->
