<?xml version="1.0" encoding="UTF-8"?>
<!-- Generated by org.testng.reporters.JUnitReportReporter -->
<testsuite hostname="Pratik" failures="0" tests="1" name="Testng_advantages.False" time="0.023" errors="0" timestamp="2022-08-23T13:46:05 IST" skipped="0">
  <testcase classname="Testng_advantages.False" name="TC1" time="0.023"/>
  <system-out>
    <![CDATA[Running TC 1]]>
  </system-out>
</testsuite> <!-- Testng_advantages.False -->
