<?xml version="1.0" encoding="UTF-8"?>
<!-- Generated by org.testng.reporters.JUnitReportReporter -->
<testsuite hostname="Pratik" failures="0" tests="1" name="Testng.Emailable" time="0.028" errors="0" timestamp="2022-08-17T23:44:37 IST" skipped="0">
  <testcase classname="Testng.Emailable" name="TC" time="0.028"/>
  <system-out>
    <![CDATA[Hii]]>
  </system-out>
</testsuite> <!-- Testng.Emailable -->
