<?xml version="1.0" encoding="UTF-8"?>
<!-- Generated by org.testng.reporters.JUnitReportReporter -->
<testsuite hostname="Pratik" failures="0" tests="2" name="Testng_advantages.Disable_TC_using_Suite" time="0.016" errors="0" timestamp="2022-08-19T00:20:56 IST" skipped="0">
  <testcase classname="Testng_advantages.Disable_TC_using_Suite" name="TC2" time="0.002"/>
  <system-out>
    <![CDATA[Running TC2]]>
  </system-out>
  <testcase classname="Testng_advantages.Disable_TC_using_Suite" name="TC1" time="0.014"/>
  <system-out>
    <![CDATA[Running TC1]]>
  </system-out>
</testsuite> <!-- Testng_advantages.Disable_TC_using_Suite -->
