<?xml version="1.0" encoding="UTF-8"?>
<!-- Generated by org.testng.reporters.JUnitReportReporter -->
<testsuite hostname="Pratik" failures="0" tests="1" name="Testng_Programs.B" time="19.916" errors="0" timestamp="2022-08-19T23:18:52 IST" skipped="0">
  <testcase classname="Testng_Programs.B" name="TC1" time="19.916"/>
  <system-out/>
</testsuite> <!-- Testng_Programs.B -->
