<?xml version="1.0" encoding="UTF-8"?>
<!-- Generated by org.testng.reporters.JUnitReportReporter -->
<testsuite hostname="Pratik" failures="0" tests="2" name="Testng_Programs.multiBrowser" time="51.180" errors="0" timestamp="2022-08-20T01:01:24 IST" skipped="0">
  <testcase classname="Testng_Programs.multiBrowser" name="TC" time="26.424"/>
  <system-out/>
  <testcase classname="Testng_Programs.multiBrowser" name="TC" time="24.756"/>
  <system-out/>
</testsuite> <!-- Testng_Programs.multiBrowser -->
