<?xml version="1.0" encoding="UTF-8"?>
<!-- Generated by org.testng.reporters.JUnitReportReporter -->
<testsuite hostname="Pratik" failures="0" tests="1" name="Testng_advantages.Assert_equals" time="0.033" errors="0" timestamp="2022-08-23T13:39:07 IST" skipped="0">
  <testcase classname="Testng_advantages.Assert_equals" name="TC1" time="0.033"/>
  <system-out>
    <![CDATA[TC 1 is Running]]>
  </system-out>
</testsuite> <!-- Testng_advantages.Assert_equals -->
